<?xml version="1.0" encoding="UTF-8"?>
<!-- Generated by org.testng.reporters.JUnitReportReporter -->
<testsuite hostname="DESKTOP-V773E8K" failures="0" tests="1" name="practice.DeleteOperationPractice" time="10.950" errors="0" timestamp="2022-12-20T15:05:46 IST" skipped="0">
  <testcase classname="practice.DeleteOperationPractice" name="deleteOperationTest" time="10.950"/>
  <system-out/>
</testsuite> <!-- practice.DeleteOperationPractice -->
