<?xml version="1.0" encoding="UTF-8"?>
<!-- Generated by org.testng.reporters.JUnitReportReporter -->
<testsuite hostname="DESKTOP-V773E8K" failures="0" tests="1" name="practice.HashMapPracticePost" time="5.039" errors="0" timestamp="2022-12-20T12:12:32 IST" skipped="0">
  <testcase classname="practice.HashMapPracticePost" name="hashMaapPracticeTest" time="5.039"/>
  <system-out/>
</testsuite> <!-- practice.HashMapPracticePost -->
