<?xml version="1.0" encoding="UTF-8"?>
<!-- Generated by org.testng.reporters.JUnitReportReporter -->
<testsuite hostname="DESKTOP-V773E8K" failures="0" tests="1" name="responsevalidation.ResponseValidation" time="8.518" errors="0" timestamp="2022-11-24T16:17:43 IST" skipped="0">
  <testcase classname="responsevalidation.ResponseValidation" name="respValidation" time="8.518"/>
  <system-out/>
</testsuite> <!-- responsevalidation.ResponseValidation -->
