<?xml version="1.0" encoding="UTF-8"?>
<!-- Generated by org.testng.reporters.JUnitReportReporter -->
<testsuite hostname="DESKTOP-V773E8K" failures="0" tests="1" name="practice.PatchOperationPractice" time="4.839" errors="0" timestamp="2022-12-20T15:17:24 IST" skipped="0">
  <testcase classname="practice.PatchOperationPractice" name="patchOperationTest" time="4.839"/>
  <system-out/>
</testsuite> <!-- practice.PatchOperationPractice -->
