<?xml version="1.0" encoding="UTF-8"?>
<!-- Generated by org.testng.reporters.JUnitReportReporter -->
<testsuite hostname="DESKTOP-V773E8K" failures="0" tests="1" name="practice.PracticeBddmethodPut" time="5.083" errors="0" timestamp="2022-12-20T15:41:32 IST" skipped="0">
  <testcase classname="practice.PracticeBddmethodPut" name="updateUserTest" time="5.083"/>
  <system-out/>
</testsuite> <!-- practice.PracticeBddmethodPut -->
