<?xml version="1.0" encoding="UTF-8"?>
<!-- Generated by org.testng.reporters.JUnitReportReporter -->
<testsuite hostname="DESKTOP-V773E8K" failures="0" tests="1" name="practice.JsonObjectPractice" time="12.675" errors="0" timestamp="2022-12-20T11:51:45 IST" skipped="0">
  <testcase classname="practice.JsonObjectPractice" name="jsonPracticeTest" time="12.675"/>
  <system-out/>
</testsuite> <!-- practice.JsonObjectPractice -->
