<?xml version="1.0" encoding="UTF-8"?>
<!-- Generated by org.testng.reporters.JUnitReportReporter -->
<testsuite hostname="DESKTOP-V773E8K" failures="0" tests="1" name="practice.DeleteOperationUsingBdd" time="6.026" errors="0" timestamp="2022-12-20T22:43:08 IST" skipped="0">
  <testcase classname="practice.DeleteOperationUsingBdd" name="deleteOperationTest" time="6.026"/>
  <system-out/>
</testsuite> <!-- practice.DeleteOperationUsingBdd -->
