<?xml version="1.0" encoding="UTF-8"?>
<!-- Generated by org.testng.reporters.JUnitReportReporter -->
<testsuite hostname="DESKTOP-V773E8K" failures="0" tests="1" name="practice.JsonObjectPost" time="5.106" errors="0" timestamp="2022-12-20T12:02:22 IST" skipped="0">
  <testcase classname="practice.JsonObjectPost" name="postOperationTest" time="5.106"/>
  <system-out/>
</testsuite> <!-- practice.JsonObjectPost -->
