<?xml version="1.0" encoding="UTF-8"?>
<!-- Generated by org.testng.reporters.JUnitReportReporter -->
<testsuite hostname="DESKTOP-V773E8K" failures="0" tests="1" name="reqres.CRUDoperation.CreateUserWithBdd" time="7.546" errors="0" timestamp="2022-11-24T09:30:59 IST" skipped="0">
  <testcase classname="reqres.CRUDoperation.CreateUserWithBdd" name="createUser" time="7.546"/>
  <system-out/>
</testsuite> <!-- reqres.CRUDoperation.CreateUserWithBdd -->
