<?xml version="1.0" encoding="UTF-8"?>
<!-- Generated by org.testng.reporters.JUnitReportReporter -->
<testsuite hostname="DESKTOP-V773E8K" failures="0" tests="1" name="reqres.CRUDoperation.CreateUserTest" time="7.173" errors="0" timestamp="2022-11-23T13:33:32 IST" skipped="0">
  <testcase classname="reqres.CRUDoperation.CreateUserTest" name="createUser" time="7.173"/>
  <system-out/>
</testsuite> <!-- reqres.CRUDoperation.CreateUserTest -->
