<?xml version="1.0" encoding="UTF-8"?>
<!-- Generated by org.testng.reporters.JUnitReportReporter -->
<testsuite hostname="DESKTOP-V773E8K" failures="0" tests="1" name="requestvalidation.RequestChanning" time="5.160" errors="0" timestamp="2022-11-23T11:09:05 IST" skipped="0">
  <testcase classname="requestvalidation.RequestChanning" name="requestChanningTest" time="5.160"/>
  <system-out/>
</testsuite> <!-- requestvalidation.RequestChanning -->
